<?xml version="1.0" encoding="UTF-8"?>
<!-- Generated by org.testng.reporters.JUnitReportReporter -->
<testsuite skipped="0" hostname="1mg-lptp-1092.local" name="com.tests.LoginTest" tests="3" failures="0" timestamp="25 May 2020 07:35:55 GMT" time="34.290" errors="0">
  <testcase name="LoginPageTitleTest" time="8.659" classname="com.tests.LoginTest"/>
  <testcase name="LoginPageHeaderTest" time="11.321" classname="com.tests.LoginTest"/>
  <testcase name="doLogin" time="14.310" classname="com.tests.LoginTest"/>
</testsuite> <!-- com.tests.LoginTest -->
